<?xml version="1.0" encoding="UTF-8"?>
<!-- Generated by org.testng.reporters.JUnitReportReporter -->
<testsuite skipped="0" hostname="LAPTOP-LB812K3V" name="QLS.HomepageTest" tests="1" failures="0" timestamp="2021-08-23T21:52:13 IST" time="51.429" errors="0">
  <testcase name="Search" time="51.429" classname="QLS.HomepageTest"/>
  <system-out/>
</testsuite> <!-- QLS.HomepageTest -->
